# JRE version: Java(TM) SE Runtime Environment (17.0.12+8) (build 17.0.12+8-LTS-286)
# Java VM: Java HotSpot(TM) 64-Bit Server VM (17.0.12+8-LTS-286, mixed mode, sharing, tiered, compressed oops, compressed class ptrs, g1 gc, windows-amd64)
GC Precious Log:
 CPUs: 8 total, 8 available
 Memory: 8099M
 Large Page Support: Disabled
 NUMA Support: Disabled
 Compressed Oops: Enabled (32-bit)
 Heap Region Size: 1M
 Heap Min Capacity: 256M
 Heap Initial Capacity: 256M
 Heap Max Capacity: 512M
 Pre-touch: Disabled
 Parallel Workers: 8
 Concurrent Workers: 2
 Concurrent Refinement Workers: 8
 Periodic GC: Disabled
Heap:
 garbage-first heap   total 262144K, used 186200K [0x00000000e0000000, 0x0000000100000000)
  region size 1024K, 80 young (81920K), 3 survivors (3072K)
 Metaspace       used 68472K, committed 69248K, reserved 393216K
  class space    used 9569K, committed 9920K, reserved 327680K
GC Heap History (20 events):
Event: 3.886 GC heap before
{Heap before GC invocations=5 (full 0):
 garbage-first heap   total 262144K, used 143083K [0x00000000e0000000, 0x0000000100000000)
  region size 1024K, 127 young (130048K), 15 survivors (15360K)
 Metaspace       used 35525K, committed 35968K, reserved 393216K
  class space    used 4940K, committed 5184K, reserved 327680K
}
Event: 3.900 GC heap after
{Heap after GC invocations=6 (full 0):
 garbage-first heap   total 262144K, used 33658K [0x00000000e0000000, 0x0000000100000000)
  region size 1024K, 16 young (16384K), 16 survivors (16384K)
 Metaspace       used 35525K, committed 35968K, reserved 393216K
  class space    used 4940K, committed 5184K, reserved 327680K
}
Event: 5.928 GC heap before
{Heap before GC invocations=7 (full 0):
 garbage-first heap   total 262144K, used 174970K [0x00000000e0000000, 0x0000000100000000)
  region size 1024K, 153 young (156672K), 16 survivors (16384K)
 Metaspace       used 48307K, committed 48832K, reserved 393216K
  class space    used 6802K, committed 7040K, reserved 327680K
}
Event: 5.944 GC heap after
{Heap after GC invocations=8 (full 0):
 garbage-first heap   total 262144K, used 40297K [0x00000000e0000000, 0x0000000100000000)
  region size 1024K, 16 young (16384K), 16 survivors (16384K)
 Metaspace       used 48307K, committed 48832K, reserved 393216K
  class space    used 6802K, committed 7040K, reserved 327680K
}
Event: 7.797 GC heap before
{Heap before GC invocations=8 (full 0):
 garbage-first heap   total 262144K, used 180585K [0x00000000e0000000, 0x0000000100000000)
  region size 1024K, 153 young (156672K), 16 survivors (16384K)
 Metaspace       used 55650K, committed 56384K, reserved 393216K
  class space    used 7859K, committed 8192K, reserved 327680K
}
Event: 7.817 GC heap after
{Heap after GC invocations=9 (full 0):
 garbage-first heap   total 262144K, used 53248K [0x00000000e0000000, 0x0000000100000000)
  region size 1024K, 20 young (20480K), 20 survivors (20480K)
 Metaspace       used 55650K, committed 56384K, reserved 393216K
  class space    used 7859K, committed 8192K, reserved 327680K
}
Event: 9.082 GC heap before
{Heap before GC invocations=9 (full 0):
 garbage-first heap   total 262144K, used 189440K [0x00000000e0000000, 0x0000000100000000)
  region size 1024K, 153 young (156672K), 20 survivors (20480K)
 Metaspace       used 57077K, committed 57792K, reserved 393216K
  class space    used 7907K, committed 8256K, reserved 327680K
}
Event: 9.107 GC heap after
{Heap after GC invocations=10 (full 0):
 garbage-first heap   total 262144K, used 68121K [0x00000000e0000000, 0x0000000100000000)
  region size 1024K, 17 young (17408K), 17 survivors (17408K)
 Metaspace       used 57077K, committed 57792K, reserved 393216K
  class space    used 7907K, committed 8256K, reserved 327680K
}
Event: 10.181 GC heap before
{Heap before GC invocations=10 (full 0):
 garbage-first heap   total 262144K, used 154137K [0x00000000e0000000, 0x0000000100000000)
  region size 1024K, 102 young (104448K), 17 survivors (17408K)
 Metaspace       used 59411K, committed 60096K, reserved 393216K
  class space    used 8250K, committed 8576K, reserved 327680K
}
Event: 10.192 GC heap after
{Heap after GC invocations=11 (full 0):
 garbage-first heap   total 262144K, used 65266K [0x00000000e0000000, 0x0000000100000000)
  region size 1024K, 5 young (5120K), 5 survivors (5120K)
 Metaspace       used 59411K, committed 60096K, reserved 393216K
  class space    used 8250K, committed 8576K, reserved 327680K
}
Event: 6728.532 GC heap before
{Heap before GC invocations=12 (full 0):
 garbage-first heap   total 262144K, used 202482K [0x00000000e0000000, 0x0000000100000000)
  region size 1024K, 140 young (143360K), 5 survivors (5120K)
 Metaspace       used 60705K, committed 61376K, reserved 393216K
  class space    used 8451K, committed 8768K, reserved 327680K
}
Event: 6729.016 GC heap after
{Heap after GC invocations=13 (full 0):
 garbage-first heap   total 262144K, used 66354K [0x00000000e0000000, 0x0000000100000000)
  region size 1024K, 6 young (6144K), 6 survivors (6144K)
 Metaspace       used 60705K, committed 61376K, reserved 393216K
  class space    used 8451K, committed 8768K, reserved 327680K
}
Event: 12649.642 GC heap before
{Heap before GC invocations=13 (full 0):
 garbage-first heap   total 262144K, used 163634K [0x00000000e0000000, 0x0000000100000000)
  region size 1024K, 101 young (103424K), 6 survivors (6144K)
 Metaspace       used 60726K, committed 61376K, reserved 393216K
  class space    used 8453K, committed 8768K, reserved 327680K
}
Event: 12649.803 GC heap after
{Heap after GC invocations=14 (full 0):
 garbage-first heap   total 262144K, used 65891K [0x00000000e0000000, 0x0000000100000000)
  region size 1024K, 5 young (5120K), 5 survivors (5120K)
 Metaspace       used 60726K, committed 61376K, reserved 393216K
  class space    used 8453K, committed 8768K, reserved 327680K
}
Event: 19581.974 GC heap before
{Heap before GC invocations=14 (full 0):
 garbage-first heap   total 262144K, used 200035K [0x00000000e0000000, 0x0000000100000000)
  region size 1024K, 137 young (140288K), 5 survivors (5120K)
 Metaspace       used 61555K, committed 62272K, reserved 393216K
  class space    used 8572K, committed 8896K, reserved 327680K
}
Event: 19582.141 GC heap after
{Heap after GC invocations=15 (full 0):
 garbage-first heap   total 262144K, used 66132K [0x00000000e0000000, 0x0000000100000000)
  region size 1024K, 6 young (6144K), 6 survivors (6144K)
 Metaspace       used 61555K, committed 62272K, reserved 393216K
  class space    used 8572K, committed 8896K, reserved 327680K
}
Event: 19656.865 GC heap before
{Heap before GC invocations=15 (full 0):
 garbage-first heap   total 262144K, used 194132K [0x00000000e0000000, 0x0000000100000000)
  region size 1024K, 108 young (110592K), 6 survivors (6144K)
 Metaspace       used 65552K, committed 66304K, reserved 393216K
  class space    used 9229K, committed 9600K, reserved 327680K
}
Event: 19656.893 GC heap after
{Heap after GC invocations=16 (full 0):
 garbage-first heap   total 262144K, used 99629K [0x00000000e0000000, 0x0000000100000000)
  region size 1024K, 14 young (14336K), 14 survivors (14336K)
 Metaspace       used 65552K, committed 66304K, reserved 393216K
  class space    used 9229K, committed 9600K, reserved 327680K
}
Event: 19657.514 GC heap before
{Heap before GC invocations=16 (full 0):
 garbage-first heap   total 262144K, used 179501K [0x00000000e0000000, 0x0000000100000000)
  region size 1024K, 92 young (94208K), 14 survivors (14336K)
 Metaspace       used 67534K, committed 68288K, reserved 393216K
  class space    used 9467K, committed 9856K, reserved 327680K
}
Event: 19657.557 GC heap after
{Heap after GC invocations=17 (full 0):
 garbage-first heap   total 262144K, used 101208K [0x00000000e0000000, 0x0000000100000000)
  region size 1024K, 3 young (3072K), 3 survivors (3072K)
 Metaspace       used 67534K, committed 68288K, reserved 393216K
  class space    used 9467K, committed 9856K, reserved 327680K
}

